Arguments: 
  D:\后端\nodejs\node.exe C:\Users\国欣啊啊啊\AppData\Roaming\npm\node_modules\yarn\bin\yarn.js add -D chai-spies

PATH: 
  local\c\Users\国欣啊啊啊\local;C:\Users\国欣啊啊啊\bin;D:\编码器\Git bash\Git\mingw64\bin;D:\编码器\Git bash\Git\usr\local\bin;D:\编码器\Git bash\Git\usr\bin;D:\编码器\Git bash\Git\usr\bin;D:\编码器\Git bash\Git\mingw64\bin;D:\编码器\Git bash\Git\usr\bin;C:\Users\国欣啊啊啊\bin;C:\Program Files (x86)\Intel\Intel(R) Management Engine Components\iCLS;C:\Program Files\Intel\Intel(R) Management Engine Components\iCLS;C:\Windows\system32;C:\Windows;C:\Windows\System32\Wbem;C:\Windows\System32\WindowsPowerShell\v1.0;C:\Windows\System32\OpenSSH;C:\Program Files (x86)\NVIDIA Corporation\PhysX\Common;C:\Program Files (x86)\Intel\Intel(R) Management Engine Components\DAL;C:\Program Files\Intel\Intel(R) Management Engine Components\DAL;C:\Program Files (x86)\Intel\Intel(R) Management Engine Components\IPT;C:\Program Files\Intel\Intel(R) Management Engine Components\IPT;C:\Program Files\Intel\WiFi\bin;C:\Program Files\Common Files\Intel\WirelessCommon;C:\Program Files\NVIDIA Corporation\NVIDIA NvDLISR;D:\后端\nodejs;D:\编码器\Git bash\Git\cmd;D:\编码器\Git bash\Git\mingw64\bin;D:\编码器\Git bash\Git\usr\bin;C:\Users\国欣啊啊啊\AppData\Local\Microsoft\WindowsApps;C:\Users\国欣啊啊啊\AppData\Local\atom\bin;C:\Users\国欣啊啊啊\AppData\Roaming\npm;D:\编码器\vscode\Microsoft VS Code\bin;C:\Program Files\JetBrains\WebStorm 2019.2\bin;D:\编码器\Git bash\Git\usr\bin\vendor_perl;D:\编码器\Git bash\Git\usr\bin\core_perl;C:\GnuWin32\bin\export

Yarn version: 
  1.16.0

Node version: 
  10.15.3

Platform: 
  win32 x64

Trace: 
  Error: EPERM: operation not permitted, unlink 'D:\前端\gulu-demo\node_modules\deasync\bin\win32-x64-node-10\deasync.node'

npm manifest: 
  {
    "name": "gulu",
    "version": "0.0.1",
    "description": "这是一个UI框架",
    "main": "index.js",
    "scripts": {
      "test": "echo \"Error: no test specified\" && exit 1"
    },
    "repository": {
      "type": "git",
      "url": "git+https://github.com/a5595223/gulu.git"
    },
    "keywords": [
      "Vue.ui"
    ],
    "author": "Fgx",
    "license": "MIT",
    "bugs": {
      "url": "https://github.com/a5595223/gulu/issues"
    },
    "homepage": "https://github.com/a5595223/gulu#readme",
    "dependencies": {
      "vue": "^2.6.10",
      "vue-hot-reload-api": "^2.3.3"
    },
    "devDependencies": {
      "@vue/component-compiler-utils": "^3.0.0",
      "parcel-bundler": "^1.12.3",
      "sass": "^1.22.9",
      "vue-template-compiler": "^2.6.10"
    },
    "alias": {
      "vue": "./node_modules/vue/dist/vue.common.js"
    }
  }

yarn manifest: 
  No manifest

Lockfile: 
  No lockfile
